2026-06-28 22:25:45.717 [background-preinit] INFO  org.hibernate.validator.internal.util.Version - HV000001: Hibernate Validator 8.0.1.Final
2026-06-28 22:25:45.750 [main] INFO  com.platform.PlatformApplication - Starting PlatformApplication using Java 17.0.19 with PID 21064 (C:\Users\29141\Desktop\project\project-admin\target\classes started by 29141 in C:\Users\29141\Desktop\project)
2026-06-28 22:25:45.750 [main] DEBUG com.platform.PlatformApplication - Running with Spring Boot v3.2.5, Spring v6.1.6
2026-06-28 22:25:45.750 [main] INFO  com.platform.PlatformApplication - The following 1 profile is active: "dev"
2026-06-28 22:25:46.364 [main] INFO  o.s.d.r.config.RepositoryConfigurationDelegate - Multiple Spring Data modules found, entering strict repository configuration mode
2026-06-28 22:25:46.376 [main] INFO  o.s.d.r.config.RepositoryConfigurationDelegate - Bootstrapping Spring Data Redis repositories in DEFAULT mode.
2026-06-28 22:25:46.403 [main] INFO  o.s.d.r.config.RepositoryConfigurationDelegate - Finished Spring Data repository scanning in 18 ms. Found 0 Redis repository interfaces.
2026-06-28 22:25:46.557 [main] INFO  o.springframework.cloud.context.scope.GenericScope - BeanFactory id=6d2c847b-c65d-3fc0-bc22-1b631db9779e
2026-06-28 22:25:46.961 [main] INFO  o.s.boot.web.embedded.tomcat.TomcatWebServer - Tomcat initialized with port 8080 (http)
2026-06-28 22:25:46.967 [main] INFO  org.apache.coyote.http11.Http11NioProtocol - Initializing ProtocolHandler ["http-nio-8080"]
2026-06-28 22:25:46.970 [main] INFO  org.apache.catalina.core.StandardService - Starting service [Tomcat]
2026-06-28 22:25:46.970 [main] INFO  org.apache.catalina.core.StandardEngine - Starting Servlet engine: [Apache Tomcat/10.1.20]
2026-06-28 22:25:47.012 [main] INFO  o.a.c.core.ContainerBase.[Tomcat].[localhost].[/] - Initializing Spring embedded WebApplicationContext
2026-06-28 22:25:47.012 [main] INFO  o.s.b.w.s.c.ServletWebServerApplicationContext - Root WebApplicationContext: initialization completed in 1236 ms
2026-06-28 22:25:47.060 [main] DEBUG c.platform.framework.filter.RequestReplaceFilter - Filter 'requestReplaceFilter' configured for use
2026-06-28 22:25:47.092 [main] INFO  c.a.d.s.b.a.DruidDataSourceAutoConfigure - Init DruidDataSource
2026-06-28 22:25:47.313 [main] INFO  com.alibaba.druid.pool.DruidDataSource - {dataSource-1} inited
2026-06-28 22:25:47.537 [main] INFO  c.p.s.security.PasswordEncoderAutoConfiguration - [Security] BCryptPasswordEncoder 初始化成功 | 使用方式: @Autowired PasswordEncoder
2026-06-28 22:25:47.753 [main] INFO  com.platform.starter.redis.RedisAutoConfiguration - [Redis] RedisTemplate 初始化成功 | key: StringSerializer | value: GenericJackson2JsonRedisSerializer(纯JSON)
2026-06-28 22:25:47.767 [main] INFO  com.platform.starter.redis.RedisAutoConfiguration - [Redis] RedisUtil 初始化成功 | prefix: platform: | ttl: 10 MINUTES
2026-06-28 22:25:48.777 [main] INFO  org.apache.coyote.http11.Http11NioProtocol - Starting ProtocolHandler ["http-nio-8080"]
2026-06-28 22:25:48.792 [main] INFO  o.s.boot.web.embedded.tomcat.TomcatWebServer - Tomcat started on port 8080 (http) with context path ''
2026-06-28 22:25:48.890 [main] INFO  o.s.a.rabbit.connection.CachingConnectionFactory - Attempting to connect to: [100.104.11.60:5672]
2026-06-28 22:25:51.987 [main] INFO  o.s.a.rabbit.connection.CachingConnectionFactory - Created new connection: rabbitConnectionFactory#4cd51e4e:0/SimpleConnection@565030b7 [delegate=amqp://admin@100.104.11.60:5672/, localPort=52462]
2026-06-28 22:25:51.991 [main] INFO  org.springframework.amqp.rabbit.core.RabbitAdmin - Auto-declaring a non-durable or auto-delete Exchange (sysUser.exchange) durable:true, auto-delete:true. It will be deleted by the broker if it shuts down, and can be redeclared by closing and reopening the connection.
2026-06-28 22:25:57.120 [main] INFO  com.platform.PlatformApplication - Started PlatformApplication in 11.912 seconds (process running for 12.284)
2026-06-28 22:28:40.579 [org.springframework.amqp.rabbit.RabbitListenerEndpointContainer#0-2] INFO  o.s.a.r.listener.SimpleMessageListenerContainer - Waiting for workers to finish.
2026-06-28 22:28:40.580 [org.springframework.amqp.rabbit.RabbitListenerEndpointContainer#0-2] INFO  o.s.a.r.listener.SimpleMessageListenerContainer - Successfully waited for workers to finish.
2026-06-28 22:28:40.581 [SpringApplicationShutdownHook] INFO  o.s.boot.web.embedded.tomcat.GracefulShutdown - Commencing graceful shutdown. Waiting for active requests to complete
2026-06-28 22:28:40.593 [tomcat-shutdown] INFO  o.s.boot.web.embedded.tomcat.GracefulShutdown - Graceful shutdown complete
2026-06-28 22:28:41.169 [SpringApplicationShutdownHook] INFO  com.alibaba.druid.pool.DruidDataSource - {dataSource-1} closing ...
2026-06-28 22:28:41.174 [SpringApplicationShutdownHook] INFO  com.alibaba.druid.pool.DruidDataSource - {dataSource-1} closed
2026-06-28 22:28:43.146 [background-preinit] INFO  org.hibernate.validator.internal.util.Version - HV000001: Hibernate Validator 8.0.1.Final
2026-06-28 22:28:43.175 [main] INFO  com.platform.PlatformApplication - Starting PlatformApplication using Java 17.0.19 with PID 8912 (C:\Users\29141\Desktop\project\project-admin\target\classes started by 29141 in C:\Users\29141\Desktop\project)
2026-06-28 22:28:43.175 [main] DEBUG com.platform.PlatformApplication - Running with Spring Boot v3.2.5, Spring v6.1.6
2026-06-28 22:28:43.177 [main] INFO  com.platform.PlatformApplication - The following 1 profile is active: "dev"
2026-06-28 22:28:43.769 [main] INFO  o.s.d.r.config.RepositoryConfigurationDelegate - Multiple Spring Data modules found, entering strict repository configuration mode
2026-06-28 22:28:43.771 [main] INFO  o.s.d.r.config.RepositoryConfigurationDelegate - Bootstrapping Spring Data Redis repositories in DEFAULT mode.
2026-06-28 22:28:43.798 [main] INFO  o.s.d.r.config.RepositoryConfigurationDelegate - Finished Spring Data repository scanning in 16 ms. Found 0 Redis repository interfaces.
2026-06-28 22:28:43.958 [main] INFO  o.springframework.cloud.context.scope.GenericScope - BeanFactory id=6d2c847b-c65d-3fc0-bc22-1b631db9779e
2026-06-28 22:28:44.415 [main] INFO  o.s.boot.web.embedded.tomcat.TomcatWebServer - Tomcat initialized with port 8080 (http)
2026-06-28 22:28:44.423 [main] INFO  org.apache.coyote.http11.Http11NioProtocol - Initializing ProtocolHandler ["http-nio-8080"]
2026-06-28 22:28:44.424 [main] INFO  org.apache.catalina.core.StandardService - Starting service [Tomcat]
2026-06-28 22:28:44.424 [main] INFO  org.apache.catalina.core.StandardEngine - Starting Servlet engine: [Apache Tomcat/10.1.20]
2026-06-28 22:28:44.466 [main] INFO  o.a.c.core.ContainerBase.[Tomcat].[localhost].[/] - Initializing Spring embedded WebApplicationContext
2026-06-28 22:28:44.467 [main] INFO  o.s.b.w.s.c.ServletWebServerApplicationContext - Root WebApplicationContext: initialization completed in 1265 ms
2026-06-28 22:28:44.513 [main] DEBUG c.platform.framework.filter.RequestReplaceFilter - Filter 'requestReplaceFilter' configured for use
2026-06-28 22:28:44.541 [main] INFO  c.a.d.s.b.a.DruidDataSourceAutoConfigure - Init DruidDataSource
2026-06-28 22:28:44.775 [main] INFO  com.alibaba.druid.pool.DruidDataSource - {dataSource-1} inited
2026-06-28 22:28:45.014 [main] INFO  c.p.s.security.PasswordEncoderAutoConfiguration - [Security] BCryptPasswordEncoder 初始化成功 | 使用方式: @Autowired PasswordEncoder
2026-06-28 22:28:45.226 [main] INFO  com.platform.starter.redis.RedisAutoConfiguration - [Redis] RedisTemplate 初始化成功 | key: StringSerializer | value: GenericJackson2JsonRedisSerializer(纯JSON)
2026-06-28 22:28:45.237 [main] INFO  com.platform.starter.redis.RedisAutoConfiguration - [Redis] RedisUtil 初始化成功 | prefix: platform: | ttl: 10 MINUTES
2026-06-28 22:28:46.168 [main] INFO  org.apache.coyote.http11.Http11NioProtocol - Starting ProtocolHandler ["http-nio-8080"]
2026-06-28 22:28:46.182 [main] INFO  o.s.boot.web.embedded.tomcat.TomcatWebServer - Tomcat started on port 8080 (http) with context path ''
2026-06-28 22:28:46.285 [main] INFO  o.s.a.rabbit.connection.CachingConnectionFactory - Attempting to connect to: [100.104.11.60:5672]
2026-06-28 22:28:49.889 [main] INFO  o.s.a.rabbit.connection.CachingConnectionFactory - Created new connection: rabbitConnectionFactory#31c56721:0/SimpleConnection@981d9d2 [delegate=amqp://admin@100.104.11.60:5672/, localPort=63216]
2026-06-28 22:28:49.897 [main] INFO  org.springframework.amqp.rabbit.core.RabbitAdmin - Auto-declaring a non-durable or auto-delete Exchange (sysUser.exchange) durable:true, auto-delete:true. It will be deleted by the broker if it shuts down, and can be redeclared by closing and reopening the connection.
2026-06-28 22:28:59.703 [main] INFO  com.platform.PlatformApplication - Started PlatformApplication in 17.045 seconds (process running for 17.403)
2026-06-28 22:30:13.199 [org.springframework.amqp.rabbit.RabbitListenerEndpointContainer#0-2] INFO  o.s.a.r.listener.SimpleMessageListenerContainer - Waiting for workers to finish.
2026-06-28 22:30:13.211 [org.springframework.amqp.rabbit.RabbitListenerEndpointContainer#0-2] INFO  o.s.a.r.listener.SimpleMessageListenerContainer - Successfully waited for workers to finish.
2026-06-28 22:30:13.213 [SpringApplicationShutdownHook] INFO  o.s.boot.web.embedded.tomcat.GracefulShutdown - Commencing graceful shutdown. Waiting for active requests to complete
2026-06-28 22:30:13.231 [tomcat-shutdown] INFO  o.s.boot.web.embedded.tomcat.GracefulShutdown - Graceful shutdown complete
2026-06-28 22:30:13.842 [SpringApplicationShutdownHook] INFO  com.alibaba.druid.pool.DruidDataSource - {dataSource-1} closing ...
2026-06-28 22:30:13.847 [SpringApplicationShutdownHook] INFO  com.alibaba.druid.pool.DruidDataSource - {dataSource-1} closed
2026-06-28 22:30:16.246 [background-preinit] INFO  org.hibernate.validator.internal.util.Version - HV000001: Hibernate Validator 8.0.1.Final
2026-06-28 22:30:16.276 [main] INFO  com.platform.PlatformApplication - Starting PlatformApplication using Java 17.0.19 with PID 20568 (C:\Users\29141\Desktop\project\project-admin\target\classes started by 29141 in C:\Users\29141\Desktop\project)
2026-06-28 22:30:16.278 [main] DEBUG com.platform.PlatformApplication - Running with Spring Boot v3.2.5, Spring v6.1.6
2026-06-28 22:30:16.279 [main] INFO  com.platform.PlatformApplication - The following 1 profile is active: "dev"
2026-06-28 22:30:16.844 [main] INFO  o.s.d.r.config.RepositoryConfigurationDelegate - Multiple Spring Data modules found, entering strict repository configuration mode
2026-06-28 22:30:16.847 [main] INFO  o.s.d.r.config.RepositoryConfigurationDelegate - Bootstrapping Spring Data Redis repositories in DEFAULT mode.
2026-06-28 22:30:16.871 [main] INFO  o.s.d.r.config.RepositoryConfigurationDelegate - Finished Spring Data repository scanning in 15 ms. Found 0 Redis repository interfaces.
2026-06-28 22:30:17.021 [main] INFO  o.springframework.cloud.context.scope.GenericScope - BeanFactory id=6d2c847b-c65d-3fc0-bc22-1b631db9779e
2026-06-28 22:30:17.412 [main] INFO  o.s.boot.web.embedded.tomcat.TomcatWebServer - Tomcat initialized with port 8080 (http)
2026-06-28 22:30:17.420 [main] INFO  org.apache.coyote.http11.Http11NioProtocol - Initializing ProtocolHandler ["http-nio-8080"]
2026-06-28 22:30:17.421 [main] INFO  org.apache.catalina.core.StandardService - Starting service [Tomcat]
2026-06-28 22:30:17.421 [main] INFO  org.apache.catalina.core.StandardEngine - Starting Servlet engine: [Apache Tomcat/10.1.20]
2026-06-28 22:30:17.462 [main] INFO  o.a.c.core.ContainerBase.[Tomcat].[localhost].[/] - Initializing Spring embedded WebApplicationContext
2026-06-28 22:30:17.462 [main] INFO  o.s.b.w.s.c.ServletWebServerApplicationContext - Root WebApplicationContext: initialization completed in 1156 ms
2026-06-28 22:30:17.507 [main] DEBUG c.platform.framework.filter.RequestReplaceFilter - Filter 'requestReplaceFilter' configured for use
2026-06-28 22:30:17.539 [main] INFO  c.a.d.s.b.a.DruidDataSourceAutoConfigure - Init DruidDataSource
2026-06-28 22:30:17.774 [main] INFO  com.alibaba.druid.pool.DruidDataSource - {dataSource-1} inited
2026-06-28 22:30:17.980 [main] INFO  c.p.s.security.PasswordEncoderAutoConfiguration - [Security] BCryptPasswordEncoder 初始化成功 | 使用方式: @Autowired PasswordEncoder
2026-06-28 22:30:18.196 [main] INFO  com.platform.starter.redis.RedisAutoConfiguration - [Redis] RedisTemplate 初始化成功 | key: StringSerializer | value: GenericJackson2JsonRedisSerializer(纯JSON)
2026-06-28 22:30:18.207 [main] INFO  com.platform.starter.redis.RedisAutoConfiguration - [Redis] RedisUtil 初始化成功 | prefix: platform: | ttl: 10 MINUTES
2026-06-28 22:30:19.076 [main] INFO  org.apache.coyote.http11.Http11NioProtocol - Starting ProtocolHandler ["http-nio-8080"]
2026-06-28 22:30:19.089 [main] INFO  o.s.boot.web.embedded.tomcat.TomcatWebServer - Tomcat started on port 8080 (http) with context path ''
2026-06-28 22:30:19.175 [main] INFO  o.s.a.rabbit.connection.CachingConnectionFactory - Attempting to connect to: [100.104.11.60:5672]
2026-06-28 22:30:22.508 [main] INFO  o.s.a.rabbit.connection.CachingConnectionFactory - Created new connection: rabbitConnectionFactory#4cd51e4e:0/SimpleConnection@3da6950f [delegate=amqp://admin@100.104.11.60:5672/, localPort=58651]
2026-06-28 22:30:22.513 [main] INFO  org.springframework.amqp.rabbit.core.RabbitAdmin - Auto-declaring a non-durable or auto-delete Exchange (sysUser.exchange) durable:true, auto-delete:true. It will be deleted by the broker if it shuts down, and can be redeclared by closing and reopening the connection.
2026-06-28 22:31:09.282 [background-preinit] INFO  org.hibernate.validator.internal.util.Version - HV000001: Hibernate Validator 8.0.1.Final
2026-06-28 22:31:09.312 [main] INFO  com.platform.PlatformApplication - Starting PlatformApplication using Java 17.0.19 with PID 22724 (C:\Users\29141\Desktop\project\project-admin\target\classes started by 29141 in C:\Users\29141\Desktop\project)
2026-06-28 22:31:09.312 [main] DEBUG com.platform.PlatformApplication - Running with Spring Boot v3.2.5, Spring v6.1.6
2026-06-28 22:31:09.312 [main] INFO  com.platform.PlatformApplication - The following 1 profile is active: "dev"
2026-06-28 22:31:09.901 [main] INFO  o.s.d.r.config.RepositoryConfigurationDelegate - Multiple Spring Data modules found, entering strict repository configuration mode
2026-06-28 22:31:09.903 [main] INFO  o.s.d.r.config.RepositoryConfigurationDelegate - Bootstrapping Spring Data Redis repositories in DEFAULT mode.
2026-06-28 22:31:09.932 [main] INFO  o.s.d.r.config.RepositoryConfigurationDelegate - Finished Spring Data repository scanning in 18 ms. Found 0 Redis repository interfaces.
2026-06-28 22:31:10.091 [main] INFO  o.springframework.cloud.context.scope.GenericScope - BeanFactory id=6d2c847b-c65d-3fc0-bc22-1b631db9779e
2026-06-28 22:31:10.529 [main] INFO  o.s.boot.web.embedded.tomcat.TomcatWebServer - Tomcat initialized with port 8080 (http)
2026-06-28 22:31:10.535 [main] INFO  org.apache.coyote.http11.Http11NioProtocol - Initializing ProtocolHandler ["http-nio-8080"]
2026-06-28 22:31:10.537 [main] INFO  org.apache.catalina.core.StandardService - Starting service [Tomcat]
2026-06-28 22:31:10.537 [main] INFO  org.apache.catalina.core.StandardEngine - Starting Servlet engine: [Apache Tomcat/10.1.20]
2026-06-28 22:31:10.582 [main] INFO  o.a.c.core.ContainerBase.[Tomcat].[localhost].[/] - Initializing Spring embedded WebApplicationContext
2026-06-28 22:31:10.583 [main] INFO  o.s.b.w.s.c.ServletWebServerApplicationContext - Root WebApplicationContext: initialization completed in 1237 ms
2026-06-28 22:31:10.630 [main] DEBUG c.platform.framework.filter.RequestReplaceFilter - Filter 'requestReplaceFilter' configured for use
2026-06-28 22:31:10.663 [main] INFO  c.a.d.s.b.a.DruidDataSourceAutoConfigure - Init DruidDataSource
2026-06-28 22:31:10.885 [main] INFO  com.alibaba.druid.pool.DruidDataSource - {dataSource-1} inited
2026-06-28 22:31:11.105 [main] INFO  c.p.s.security.PasswordEncoderAutoConfiguration - [Security] BCryptPasswordEncoder 初始化成功 | 使用方式: @Autowired PasswordEncoder
2026-06-28 22:31:11.348 [main] INFO  com.platform.starter.redis.RedisAutoConfiguration - [Redis] RedisTemplate 初始化成功 | key: StringSerializer | value: GenericJackson2JsonRedisSerializer(纯JSON)
2026-06-28 22:31:11.362 [main] INFO  com.platform.starter.redis.RedisAutoConfiguration - [Redis] RedisUtil 初始化成功 | prefix: platform: | ttl: 10 MINUTES
2026-06-28 22:31:12.325 [main] INFO  org.apache.coyote.http11.Http11NioProtocol - Starting ProtocolHandler ["http-nio-8080"]
2026-06-28 22:31:12.337 [main] INFO  o.s.boot.web.embedded.tomcat.TomcatWebServer - Tomcat started on port 8080 (http) with context path ''
2026-06-28 22:31:12.426 [main] INFO  o.s.a.rabbit.connection.CachingConnectionFactory - Attempting to connect to: [100.104.11.60:5672]
2026-06-28 22:31:15.086 [main] INFO  o.s.a.rabbit.connection.CachingConnectionFactory - Created new connection: rabbitConnectionFactory#4301fa39:0/SimpleConnection@3f465ae [delegate=amqp://admin@100.104.11.60:5672/, localPort=50390]
2026-06-28 22:31:15.093 [main] INFO  org.springframework.amqp.rabbit.core.RabbitAdmin - Auto-declaring a non-durable or auto-delete Exchange (sysUser.exchange) durable:true, auto-delete:true. It will be deleted by the broker if it shuts down, and can be redeclared by closing and reopening the connection.
2026-06-28 22:31:20.844 [main] INFO  com.platform.PlatformApplication - Started PlatformApplication in 12.058 seconds (process running for 12.51)
2026-06-28 22:31:27.086 [http-nio-8080-exec-1] INFO  o.a.c.core.ContainerBase.[Tomcat].[localhost].[/] - Initializing Spring DispatcherServlet 'dispatcherServlet'
2026-06-28 22:31:27.086 [http-nio-8080-exec-1] INFO  org.springframework.web.servlet.DispatcherServlet - Initializing Servlet 'dispatcherServlet'
2026-06-28 22:31:27.087 [http-nio-8080-exec-1] INFO  org.springframework.web.servlet.DispatcherServlet - Completed initialization in 1 ms
2026-06-28 22:31:27.468 [http-nio-8080-exec-1] INFO  com.platform.framework.aspect.ControllerLogAspect - [请求入参] GET /sysUser/info | 方法=UserController.info() | 入参=[]
2026-06-28 22:31:27.547 [http-nio-8080-exec-1] DEBUG com.platform.service.mapper.SysUserMapper.selectList - ==>  Preparing: SELECT id,username,password,nickname,avatar,gender,birthday,email,phone,dept_id,dept_name,post_ids,role_ids,login_ip,login_date,password_update_time,remark,status,is_delete,create_by,create_time,update_by,update_time FROM sysUser WHERE (id = ? AND is_delete = ?)
2026-06-28 22:31:27.560 [http-nio-8080-exec-1] DEBUG com.platform.service.mapper.SysUserMapper.selectList - ==> Parameters: 1(Long), 0(Integer)
2026-06-28 22:31:27.574 [http-nio-8080-exec-1] DEBUG com.platform.service.mapper.SysUserMapper.selectList - <==      Total: 1
2026-06-28 22:31:27.588 [http-nio-8080-exec-1] INFO  com.platform.framework.aspect.ControllerLogAspect - [响应出参] GET /sysUser/info | 耗时=111ms | 出参={"code":200,"msg":"操作成功","data":{"id":1,"username":"admin","nickname":"超级管理员","avatar":"/avatar/admin.png","gender":1,"birthday":[1990,1,1],"email":"******","phone":"******","deptId":1,"deptName":"技术研发部","roleIds":"1","status":1,"loginIp":"127.0.0.1","loginDate":[2026,6,28,10,0],"createTime":[2026,6,28,4,16,59]},"success":true}
2026-06-28 22:32:05.483 [org.springframework.amqp.rabbit.RabbitListenerEndpointContainer#0-2] INFO  o.s.a.r.listener.SimpleMessageListenerContainer - Waiting for workers to finish.
2026-06-28 22:32:05.485 [org.springframework.amqp.rabbit.RabbitListenerEndpointContainer#0-2] INFO  o.s.a.r.listener.SimpleMessageListenerContainer - Successfully waited for workers to finish.
2026-06-28 22:32:05.486 [SpringApplicationShutdownHook] INFO  o.s.boot.web.embedded.tomcat.GracefulShutdown - Commencing graceful shutdown. Waiting for active requests to complete
2026-06-28 22:32:05.495 [tomcat-shutdown] INFO  o.s.boot.web.embedded.tomcat.GracefulShutdown - Graceful shutdown complete
2026-06-28 22:32:06.096 [SpringApplicationShutdownHook] INFO  com.alibaba.druid.pool.DruidDataSource - {dataSource-1} closing ...
2026-06-28 22:32:06.101 [SpringApplicationShutdownHook] INFO  com.alibaba.druid.pool.DruidDataSource - {dataSource-1} closed
2026-06-28 22:44:41.485 [background-preinit] INFO  org.hibernate.validator.internal.util.Version - HV000001: Hibernate Validator 8.0.1.Final
2026-06-28 22:44:41.517 [main] INFO  com.platform.PlatformApplication - Starting PlatformApplication using Java 17.0.19 with PID 5936 (C:\Users\29141\Desktop\project\project-admin\target\classes started by 29141 in C:\Users\29141\Desktop\project)
2026-06-28 22:44:41.517 [main] DEBUG com.platform.PlatformApplication - Running with Spring Boot v3.2.5, Spring v6.1.6
2026-06-28 22:44:41.517 [main] INFO  com.platform.PlatformApplication - The following 1 profile is active: "dev"
2026-06-28 22:44:42.130 [main] INFO  o.s.d.r.config.RepositoryConfigurationDelegate - Multiple Spring Data modules found, entering strict repository configuration mode
2026-06-28 22:44:42.133 [main] INFO  o.s.d.r.config.RepositoryConfigurationDelegate - Bootstrapping Spring Data Redis repositories in DEFAULT mode.
2026-06-28 22:44:42.158 [main] INFO  o.s.d.r.config.RepositoryConfigurationDelegate - Finished Spring Data repository scanning in 16 ms. Found 0 Redis repository interfaces.
2026-06-28 22:44:42.311 [main] INFO  o.springframework.cloud.context.scope.GenericScope - BeanFactory id=1ae0ceec-896c-35d0-9859-61774853c41a
2026-06-28 22:44:42.729 [main] INFO  o.s.boot.web.embedded.tomcat.TomcatWebServer - Tomcat initialized with port 8080 (http)
2026-06-28 22:44:42.735 [main] INFO  org.apache.coyote.http11.Http11NioProtocol - Initializing ProtocolHandler ["http-nio-8080"]
2026-06-28 22:44:42.737 [main] INFO  org.apache.catalina.core.StandardService - Starting service [Tomcat]
2026-06-28 22:44:42.737 [main] INFO  org.apache.catalina.core.StandardEngine - Starting Servlet engine: [Apache Tomcat/10.1.20]
2026-06-28 22:44:42.780 [main] INFO  o.a.c.core.ContainerBase.[Tomcat].[localhost].[/] - Initializing Spring embedded WebApplicationContext
2026-06-28 22:44:42.780 [main] INFO  o.s.b.w.s.c.ServletWebServerApplicationContext - Root WebApplicationContext: initialization completed in 1230 ms
2026-06-28 22:44:42.863 [main] DEBUG c.platform.framework.filter.RequestReplaceFilter - Filter 'requestReplaceFilter' configured for use
2026-06-28 22:44:42.915 [main] INFO  c.a.d.s.b.a.DruidDataSourceAutoConfigure - Init DruidDataSource
2026-06-28 22:44:43.219 [main] INFO  com.alibaba.druid.pool.DruidDataSource - {dataSource-1} inited
2026-06-28 22:44:43.432 [main] INFO  c.p.s.security.PasswordEncoderAutoConfiguration - [Security] BCryptPasswordEncoder 初始化成功 | 使用方式: @Autowired PasswordEncoder
2026-06-28 22:44:43.652 [main] INFO  com.platform.starter.redis.RedisAutoConfiguration - [Redis] RedisTemplate 初始化成功 | key: StringSerializer | value: GenericJackson2JsonRedisSerializer(纯JSON)
2026-06-28 22:44:43.667 [main] INFO  com.platform.starter.redis.RedisAutoConfiguration - [Redis] RedisUtil 初始化成功 | prefix: platform: | ttl: 10 MINUTES
2026-06-28 22:44:44.560 [main] INFO  org.apache.coyote.http11.Http11NioProtocol - Starting ProtocolHandler ["http-nio-8080"]
2026-06-28 22:44:44.572 [main] INFO  o.s.boot.web.embedded.tomcat.TomcatWebServer - Tomcat started on port 8080 (http) with context path ''
2026-06-28 22:44:44.664 [main] INFO  o.s.a.rabbit.connection.CachingConnectionFactory - Attempting to connect to: [100.104.11.60:5672]
2026-06-28 22:44:47.385 [main] INFO  o.s.a.rabbit.connection.CachingConnectionFactory - Created new connection: rabbitConnectionFactory#4ca907af:0/SimpleConnection@279e85eb [delegate=amqp://admin@100.104.11.60:5672/, localPort=64044]
2026-06-28 22:44:47.390 [main] INFO  org.springframework.amqp.rabbit.core.RabbitAdmin - Auto-declaring a non-durable or auto-delete Exchange (sysUser.exchange) durable:true, auto-delete:true. It will be deleted by the broker if it shuts down, and can be redeclared by closing and reopening the connection.
2026-06-28 22:44:52.609 [main] INFO  com.platform.PlatformApplication - Started PlatformApplication in 11.609 seconds (process running for 11.956)
2026-06-28 22:45:12.045 [http-nio-8080-exec-1] INFO  o.a.c.core.ContainerBase.[Tomcat].[localhost].[/] - Initializing Spring DispatcherServlet 'dispatcherServlet'
2026-06-28 22:45:12.047 [http-nio-8080-exec-1] INFO  org.springframework.web.servlet.DispatcherServlet - Initializing Servlet 'dispatcherServlet'
2026-06-28 22:45:12.049 [http-nio-8080-exec-1] INFO  org.springframework.web.servlet.DispatcherServlet - Completed initialization in 2 ms
2026-06-28 22:45:12.089 [http-nio-8080-exec-1] WARN  c.p.framework.handler.GlobalExceptionHandler - [未登录] uri=/, type=-1
2026-06-28 22:45:12.200 [http-nio-8080-exec-2] WARN  c.p.framework.handler.GlobalExceptionHandler - [请求路径不存在] No static resource favicon.ico.
2026-06-28 22:48:29.349 [AMQP Connection 100.104.11.60:5672] WARN  c.rabbitmq.client.impl.ForgivingExceptionHandler - An unexpected connection driver error occurred (Exception message: Connection reset)
2026-06-28 22:48:30.225 [org.springframework.amqp.rabbit.RabbitListenerEndpointContainer#0-1] INFO  o.s.a.r.listener.SimpleMessageListenerContainer - Restarting Consumer@1f05d08c: tags=[[amq.ctag-CAiG-e_apN9EwqOmuVS50Q]], channel=Cached Rabbit Channel: PublisherCallbackChannelImpl: AMQChannel(amqp://admin@100.104.11.60:5672/,1), conn: Proxy@35217e0 Shared Rabbit Connection: SimpleConnection@279e85eb [delegate=amqp://admin@100.104.11.60:5672/, localPort=64044], acknowledgeMode=MANUAL local queue size=0
2026-06-28 22:48:30.229 [org.springframework.amqp.rabbit.RabbitListenerEndpointContainer#0-2] INFO  o.s.a.rabbit.connection.CachingConnectionFactory - Attempting to connect to: [100.104.11.60:5672]
2026-06-28 22:48:45.241 [org.springframework.amqp.rabbit.RabbitListenerEndpointContainer#0-2] ERROR o.s.a.r.listener.SimpleMessageListenerContainer - Failed to check/redeclare auto-delete queue(s).
org.springframework.amqp.AmqpIOException: java.net.SocketTimeoutException: Connect timed out
	at org.springframework.amqp.rabbit.support.RabbitExceptionTranslator.convertRabbitAccessException(RabbitExceptionTranslator.java:70)
	at org.springframework.amqp.rabbit.connection.AbstractConnectionFactory.createBareConnection(AbstractConnectionFactory.java:622)
	at org.springframework.amqp.rabbit.connection.CachingConnectionFactory.createConnection(CachingConnectionFactory.java:727)
	at org.springframework.amqp.rabbit.connection.CachingConnectionFactory.createBareChannel(CachingConnectionFactory.java:672)
	at org.springframework.amqp.rabbit.connection.CachingConnectionFactory.getCachedChannelProxy(CachingConnectionFactory.java:645)
	at org.springframework.amqp.rabbit.connection.CachingConnectionFactory.getChannel(CachingConnectionFactory.java:534)
	at org.springframework.amqp.rabbit.connection.CachingConnectionFactory$ChannelCachingConnectionProxy.createChannel(CachingConnectionFactory.java:1503)
	at org.springframework.amqp.rabbit.core.RabbitTemplate.doExecute(RabbitTemplate.java:2255)
	at org.springframework.amqp.rabbit.core.RabbitTemplate.execute(RabbitTemplate.java:2222)
	at org.springframework.amqp.rabbit.core.RabbitTemplate.execute(RabbitTemplate.java:2202)
	at org.springframework.amqp.rabbit.core.RabbitAdmin.getQueueInfo(RabbitAdmin.java:467)
	at org.springframework.amqp.rabbit.core.RabbitAdmin.getQueueProperties(RabbitAdmin.java:451)
	at org.springframework.amqp.rabbit.listener.AbstractMessageListenerContainer.attemptDeclarations(AbstractMessageListenerContainer.java:1960)
	at org.springframework.amqp.rabbit.listener.AbstractMessageListenerContainer.redeclareElementsIfNecessary(AbstractMessageListenerContainer.java:1924)
	at org.springframework.amqp.rabbit.listener.SimpleMessageListenerContainer$AsyncMessageProcessingConsumer.initialize(SimpleMessageListenerContainer.java:1478)
	at org.springframework.amqp.rabbit.listener.SimpleMessageListenerContainer$AsyncMessageProcessingConsumer.run(SimpleMessageListenerContainer.java:1320)
	at java.base/java.lang.Thread.run(Thread.java:840)
Caused by: java.net.SocketTimeoutException: Connect timed out
	at java.base/sun.nio.ch.NioSocketImpl.timedFinishConnect(NioSocketImpl.java:551)
	at java.base/sun.nio.ch.NioSocketImpl.connect(NioSocketImpl.java:602)
	at java.base/java.net.SocksSocketImpl.connect(SocksSocketImpl.java:327)
	at java.base/java.net.Socket.connect(Socket.java:633)
	at com.rabbitmq.client.impl.SocketFrameHandlerFactory.create(SocketFrameHandlerFactory.java:61)
	at com.rabbitmq.client.ConnectionFactory.newConnection(ConnectionFactory.java:1249)
	at com.rabbitmq.client.ConnectionFactory.newConnection(ConnectionFactory.java:1198)
	at org.springframework.amqp.rabbit.connection.AbstractConnectionFactory.connectAddresses(AbstractConnectionFactory.java:668)
	at org.springframework.amqp.rabbit.connection.AbstractConnectionFactory.connect(AbstractConnectionFactory.java:637)
	at org.springframework.amqp.rabbit.connection.AbstractConnectionFactory.createBareConnection(AbstractConnectionFactory.java:584)
	... 15 common frames omitted
2026-06-28 22:48:45.244 [org.springframework.amqp.rabbit.RabbitListenerEndpointContainer#0-2] INFO  o.s.a.rabbit.connection.CachingConnectionFactory - Attempting to connect to: [100.104.11.60:5672]
2026-06-28 22:48:52.846 [org.springframework.amqp.rabbit.RabbitListenerEndpointContainer#0-2] INFO  o.s.a.rabbit.connection.CachingConnectionFactory - Created new connection: rabbitConnectionFactory#4ca907af:2/SimpleConnection@5fb24048 [delegate=amqp://admin@100.104.11.60:5672/, localPort=63513]
2026-06-28 22:48:52.847 [org.springframework.amqp.rabbit.RabbitListenerEndpointContainer#0-2] INFO  org.springframework.amqp.rabbit.core.RabbitAdmin - Auto-declaring a non-durable or auto-delete Exchange (sysUser.exchange) durable:true, auto-delete:true. It will be deleted by the broker if it shuts down, and can be redeclared by closing and reopening the connection.
2026-06-28 22:49:24.368 [org.springframework.amqp.rabbit.RabbitListenerEndpointContainer#0-3] INFO  o.s.a.r.listener.SimpleMessageListenerContainer - Waiting for workers to finish.
2026-06-28 22:49:24.368 [org.springframework.amqp.rabbit.RabbitListenerEndpointContainer#0-3] INFO  o.s.a.r.listener.SimpleMessageListenerContainer - Successfully waited for workers to finish.
2026-06-28 22:49:24.370 [SpringApplicationShutdownHook] INFO  o.s.boot.web.embedded.tomcat.GracefulShutdown - Commencing graceful shutdown. Waiting for active requests to complete
2026-06-28 22:49:24.380 [tomcat-shutdown] INFO  o.s.boot.web.embedded.tomcat.GracefulShutdown - Graceful shutdown complete
2026-06-28 22:49:24.807 [SpringApplicationShutdownHook] INFO  com.alibaba.druid.pool.DruidDataSource - {dataSource-1} closing ...
2026-06-28 22:49:24.811 [SpringApplicationShutdownHook] INFO  com.alibaba.druid.pool.DruidDataSource - {dataSource-1} closed
2026-06-28 22:49:30.640 [background-preinit] INFO  org.hibernate.validator.internal.util.Version - HV000001: Hibernate Validator 8.0.1.Final
2026-06-28 22:49:30.676 [main] INFO  com.platform.PlatformApplication - Starting PlatformApplication using Java 17.0.19 with PID 9952 (C:\Users\29141\Desktop\project\project-admin\target\classes started by 29141 in C:\Users\29141\Desktop\project)
2026-06-28 22:49:30.676 [main] DEBUG com.platform.PlatformApplication - Running with Spring Boot v3.2.5, Spring v6.1.6
2026-06-28 22:49:30.676 [main] INFO  com.platform.PlatformApplication - The following 1 profile is active: "dev"
2026-06-28 22:49:31.265 [main] INFO  o.s.d.r.config.RepositoryConfigurationDelegate - Multiple Spring Data modules found, entering strict repository configuration mode
2026-06-28 22:49:31.268 [main] INFO  o.s.d.r.config.RepositoryConfigurationDelegate - Bootstrapping Spring Data Redis repositories in DEFAULT mode.
2026-06-28 22:49:31.293 [main] INFO  o.s.d.r.config.RepositoryConfigurationDelegate - Finished Spring Data repository scanning in 14 ms. Found 0 Redis repository interfaces.
2026-06-28 22:49:31.454 [main] INFO  o.springframework.cloud.context.scope.GenericScope - BeanFactory id=1ae0ceec-896c-35d0-9859-61774853c41a
2026-06-28 22:49:31.858 [main] INFO  o.s.boot.web.embedded.tomcat.TomcatWebServer - Tomcat initialized with port 8080 (http)
2026-06-28 22:49:31.865 [main] INFO  org.apache.coyote.http11.Http11NioProtocol - Initializing ProtocolHandler ["http-nio-8080"]
2026-06-28 22:49:31.866 [main] INFO  org.apache.catalina.core.StandardService - Starting service [Tomcat]
2026-06-28 22:49:31.866 [main] INFO  org.apache.catalina.core.StandardEngine - Starting Servlet engine: [Apache Tomcat/10.1.20]
2026-06-28 22:49:31.912 [main] INFO  o.a.c.core.ContainerBase.[Tomcat].[localhost].[/] - Initializing Spring embedded WebApplicationContext
2026-06-28 22:49:31.912 [main] INFO  o.s.b.w.s.c.ServletWebServerApplicationContext - Root WebApplicationContext: initialization completed in 1206 ms
2026-06-28 22:49:31.962 [main] DEBUG c.platform.framework.filter.RequestReplaceFilter - Filter 'requestReplaceFilter' configured for use
2026-06-28 22:49:31.995 [main] INFO  c.a.d.s.b.a.DruidDataSourceAutoConfigure - Init DruidDataSource
2026-06-28 22:49:32.230 [main] INFO  com.alibaba.druid.pool.DruidDataSource - {dataSource-1} inited
2026-06-28 22:49:32.447 [main] INFO  c.p.s.security.PasswordEncoderAutoConfiguration - [Security] BCryptPasswordEncoder 初始化成功 | 使用方式: @Autowired PasswordEncoder
2026-06-28 22:49:32.667 [main] INFO  com.platform.starter.redis.RedisAutoConfiguration - [Redis] RedisTemplate 初始化成功 | key: StringSerializer | value: GenericJackson2JsonRedisSerializer(纯JSON)
2026-06-28 22:49:32.678 [main] INFO  com.platform.starter.redis.RedisAutoConfiguration - [Redis] RedisUtil 初始化成功 | prefix: platform: | ttl: 10 MINUTES
2026-06-28 22:49:33.580 [main] INFO  org.apache.coyote.http11.Http11NioProtocol - Starting ProtocolHandler ["http-nio-8080"]
2026-06-28 22:49:33.593 [main] INFO  o.s.boot.web.embedded.tomcat.TomcatWebServer - Tomcat started on port 8080 (http) with context path ''
2026-06-28 22:49:33.679 [main] INFO  o.s.a.rabbit.connection.CachingConnectionFactory - Attempting to connect to: [100.104.11.60:5672]
2026-06-28 22:49:36.195 [main] INFO  o.s.a.rabbit.connection.CachingConnectionFactory - Created new connection: rabbitConnectionFactory#4cd51e4e:0/SimpleConnection@981d9d2 [delegate=amqp://admin@100.104.11.60:5672/, localPort=49252]
2026-06-28 22:49:36.201 [main] INFO  org.springframework.amqp.rabbit.core.RabbitAdmin - Auto-declaring a non-durable or auto-delete Exchange (sysUser.exchange) durable:true, auto-delete:true. It will be deleted by the broker if it shuts down, and can be redeclared by closing and reopening the connection.
2026-06-28 22:49:43.144 [main] INFO  com.platform.PlatformApplication - Started PlatformApplication in 12.988 seconds (process running for 13.345)
2026-06-28 22:50:29.477 [org.springframework.amqp.rabbit.RabbitListenerEndpointContainer#0-2] INFO  o.s.a.r.listener.SimpleMessageListenerContainer - Waiting for workers to finish.
2026-06-28 22:50:29.555 [org.springframework.amqp.rabbit.RabbitListenerEndpointContainer#0-2] INFO  o.s.a.r.listener.SimpleMessageListenerContainer - Successfully waited for workers to finish.
2026-06-28 22:50:29.556 [SpringApplicationShutdownHook] INFO  o.s.boot.web.embedded.tomcat.GracefulShutdown - Commencing graceful shutdown. Waiting for active requests to complete
2026-06-28 22:50:29.566 [tomcat-shutdown] INFO  o.s.boot.web.embedded.tomcat.GracefulShutdown - Graceful shutdown complete
2026-06-28 22:50:30.160 [SpringApplicationShutdownHook] INFO  com.alibaba.druid.pool.DruidDataSource - {dataSource-1} closing ...
2026-06-28 22:50:30.164 [SpringApplicationShutdownHook] INFO  com.alibaba.druid.pool.DruidDataSource - {dataSource-1} closed
2026-06-28 22:50:33.100 [background-preinit] INFO  org.hibernate.validator.internal.util.Version - HV000001: Hibernate Validator 8.0.1.Final
2026-06-28 22:50:33.130 [main] INFO  com.platform.PlatformApplication - Starting PlatformApplication using Java 17.0.19 with PID 32784 (C:\Users\29141\Desktop\project\project-admin\target\classes started by 29141 in C:\Users\29141\Desktop\project)
2026-06-28 22:50:33.130 [main] DEBUG com.platform.PlatformApplication - Running with Spring Boot v3.2.5, Spring v6.1.6
2026-06-28 22:50:33.130 [main] INFO  com.platform.PlatformApplication - The following 1 profile is active: "dev"
2026-06-28 22:50:33.714 [main] INFO  o.s.d.r.config.RepositoryConfigurationDelegate - Multiple Spring Data modules found, entering strict repository configuration mode
2026-06-28 22:50:33.715 [main] INFO  o.s.d.r.config.RepositoryConfigurationDelegate - Bootstrapping Spring Data Redis repositories in DEFAULT mode.
2026-06-28 22:50:33.741 [main] INFO  o.s.d.r.config.RepositoryConfigurationDelegate - Finished Spring Data repository scanning in 15 ms. Found 0 Redis repository interfaces.
2026-06-28 22:50:33.892 [main] INFO  o.springframework.cloud.context.scope.GenericScope - BeanFactory id=1ae0ceec-896c-35d0-9859-61774853c41a
2026-06-28 22:50:34.294 [main] INFO  o.s.boot.web.embedded.tomcat.TomcatWebServer - Tomcat initialized with port 8080 (http)
2026-06-28 22:50:34.301 [main] INFO  org.apache.coyote.http11.Http11NioProtocol - Initializing ProtocolHandler ["http-nio-8080"]
2026-06-28 22:50:34.302 [main] INFO  org.apache.catalina.core.StandardService - Starting service [Tomcat]
2026-06-28 22:50:34.302 [main] INFO  org.apache.catalina.core.StandardEngine - Starting Servlet engine: [Apache Tomcat/10.1.20]
2026-06-28 22:50:34.345 [main] INFO  o.a.c.core.ContainerBase.[Tomcat].[localhost].[/] - Initializing Spring embedded WebApplicationContext
2026-06-28 22:50:34.345 [main] INFO  o.s.b.w.s.c.ServletWebServerApplicationContext - Root WebApplicationContext: initialization completed in 1187 ms
2026-06-28 22:50:34.393 [main] DEBUG c.platform.framework.filter.RequestReplaceFilter - Filter 'requestReplaceFilter' configured for use
2026-06-28 22:50:34.427 [main] INFO  c.a.d.s.b.a.DruidDataSourceAutoConfigure - Init DruidDataSource
2026-06-28 22:50:34.665 [main] INFO  com.alibaba.druid.pool.DruidDataSource - {dataSource-1} inited
2026-06-28 22:50:34.871 [main] INFO  c.p.s.security.PasswordEncoderAutoConfiguration - [Security] BCryptPasswordEncoder 初始化成功 | 使用方式: @Autowired PasswordEncoder
2026-06-28 22:50:35.084 [main] INFO  com.platform.starter.redis.RedisAutoConfiguration - [Redis] RedisTemplate 初始化成功 | key: StringSerializer | value: GenericJackson2JsonRedisSerializer(纯JSON)
2026-06-28 22:50:35.098 [main] INFO  com.platform.starter.redis.RedisAutoConfiguration - [Redis] RedisUtil 初始化成功 | prefix: platform: | ttl: 10 MINUTES
2026-06-28 22:50:36.011 [main] INFO  org.apache.coyote.http11.Http11NioProtocol - Starting ProtocolHandler ["http-nio-8080"]
2026-06-28 22:50:36.023 [main] INFO  o.s.boot.web.embedded.tomcat.TomcatWebServer - Tomcat started on port 8080 (http) with context path ''
2026-06-28 22:50:36.110 [main] INFO  o.s.a.rabbit.connection.CachingConnectionFactory - Attempting to connect to: [100.104.11.60:5672]
2026-06-28 22:50:38.047 [main] INFO  o.s.a.rabbit.connection.CachingConnectionFactory - Created new connection: rabbitConnectionFactory#3f71ae7f:0/SimpleConnection@45a05350 [delegate=amqp://admin@100.104.11.60:5672/, localPort=62171]
2026-06-28 22:50:38.051 [main] INFO  org.springframework.amqp.rabbit.core.RabbitAdmin - Auto-declaring a non-durable or auto-delete Exchange (sysUser.exchange) durable:true, auto-delete:true. It will be deleted by the broker if it shuts down, and can be redeclared by closing and reopening the connection.
2026-06-28 22:50:46.116 [main] INFO  com.platform.PlatformApplication - Started PlatformApplication in 13.512 seconds (process running for 13.868)
2026-06-28 22:50:49.627 [http-nio-8080-exec-2] INFO  o.a.c.core.ContainerBase.[Tomcat].[localhost].[/] - Initializing Spring DispatcherServlet 'dispatcherServlet'
2026-06-28 22:50:49.627 [http-nio-8080-exec-2] INFO  org.springframework.web.servlet.DispatcherServlet - Initializing Servlet 'dispatcherServlet'
2026-06-28 22:50:49.628 [http-nio-8080-exec-2] INFO  org.springframework.web.servlet.DispatcherServlet - Completed initialization in 1 ms
2026-06-28 22:50:49.709 [http-nio-8080-exec-3] WARN  c.p.framework.handler.GlobalExceptionHandler - [请求路径不存在] No static resource favicon.ico.
2026-06-28 22:50:54.261 [org.springframework.amqp.rabbit.RabbitListenerEndpointContainer#0-2] INFO  o.s.a.r.listener.SimpleMessageListenerContainer - Waiting for workers to finish.
2026-06-28 22:50:54.264 [org.springframework.amqp.rabbit.RabbitListenerEndpointContainer#0-2] INFO  o.s.a.r.listener.SimpleMessageListenerContainer - Successfully waited for workers to finish.
2026-06-28 22:50:54.266 [SpringApplicationShutdownHook] INFO  o.s.boot.web.embedded.tomcat.GracefulShutdown - Commencing graceful shutdown. Waiting for active requests to complete
2026-06-28 22:50:54.276 [tomcat-shutdown] INFO  o.s.boot.web.embedded.tomcat.GracefulShutdown - Graceful shutdown complete
2026-06-28 22:50:54.721 [SpringApplicationShutdownHook] INFO  com.alibaba.druid.pool.DruidDataSource - {dataSource-1} closing ...
2026-06-28 22:50:54.727 [SpringApplicationShutdownHook] INFO  com.alibaba.druid.pool.DruidDataSource - {dataSource-1} closed
2026-06-28 22:50:57.597 [background-preinit] INFO  org.hibernate.validator.internal.util.Version - HV000001: Hibernate Validator 8.0.1.Final
2026-06-28 22:50:57.628 [main] INFO  com.platform.PlatformApplication - Starting PlatformApplication using Java 17.0.19 with PID 11960 (C:\Users\29141\Desktop\project\project-admin\target\classes started by 29141 in C:\Users\29141\Desktop\project)
2026-06-28 22:50:57.628 [main] DEBUG com.platform.PlatformApplication - Running with Spring Boot v3.2.5, Spring v6.1.6
2026-06-28 22:50:57.628 [main] INFO  com.platform.PlatformApplication - The following 1 profile is active: "dev"
2026-06-28 22:50:58.198 [main] INFO  o.s.d.r.config.RepositoryConfigurationDelegate - Multiple Spring Data modules found, entering strict repository configuration mode
2026-06-28 22:50:58.199 [main] INFO  o.s.d.r.config.RepositoryConfigurationDelegate - Bootstrapping Spring Data Redis repositories in DEFAULT mode.
2026-06-28 22:50:58.227 [main] INFO  o.s.d.r.config.RepositoryConfigurationDelegate - Finished Spring Data repository scanning in 18 ms. Found 0 Redis repository interfaces.
2026-06-28 22:50:58.368 [main] INFO  o.springframework.cloud.context.scope.GenericScope - BeanFactory id=1ae0ceec-896c-35d0-9859-61774853c41a
2026-06-28 22:50:58.750 [main] INFO  o.s.boot.web.embedded.tomcat.TomcatWebServer - Tomcat initialized with port 8080 (http)
2026-06-28 22:50:58.757 [main] INFO  org.apache.coyote.http11.Http11NioProtocol - Initializing ProtocolHandler ["http-nio-8080"]
2026-06-28 22:50:58.758 [main] INFO  org.apache.catalina.core.StandardService - Starting service [Tomcat]
2026-06-28 22:50:58.759 [main] INFO  org.apache.catalina.core.StandardEngine - Starting Servlet engine: [Apache Tomcat/10.1.20]
2026-06-28 22:50:58.802 [main] INFO  o.a.c.core.ContainerBase.[Tomcat].[localhost].[/] - Initializing Spring embedded WebApplicationContext
2026-06-28 22:50:58.804 [main] INFO  o.s.b.w.s.c.ServletWebServerApplicationContext - Root WebApplicationContext: initialization completed in 1145 ms
2026-06-28 22:50:58.850 [main] DEBUG c.platform.framework.filter.RequestReplaceFilter - Filter 'requestReplaceFilter' configured for use
2026-06-28 22:50:58.887 [main] INFO  c.a.d.s.b.a.DruidDataSourceAutoConfigure - Init DruidDataSource
2026-06-28 22:50:59.121 [main] INFO  com.alibaba.druid.pool.DruidDataSource - {dataSource-1} inited
2026-06-28 22:50:59.331 [main] INFO  c.p.s.security.PasswordEncoderAutoConfiguration - [Security] BCryptPasswordEncoder 初始化成功 | 使用方式: @Autowired PasswordEncoder
2026-06-28 22:50:59.538 [main] INFO  com.platform.starter.redis.RedisAutoConfiguration - [Redis] RedisTemplate 初始化成功 | key: StringSerializer | value: GenericJackson2JsonRedisSerializer(纯JSON)
2026-06-28 22:50:59.548 [main] INFO  com.platform.starter.redis.RedisAutoConfiguration - [Redis] RedisUtil 初始化成功 | prefix: platform: | ttl: 10 MINUTES
2026-06-28 22:51:00.586 [main] INFO  org.apache.coyote.http11.Http11NioProtocol - Starting ProtocolHandler ["http-nio-8080"]
2026-06-28 22:51:00.598 [main] INFO  o.s.boot.web.embedded.tomcat.TomcatWebServer - Tomcat started on port 8080 (http) with context path ''
2026-06-28 22:51:00.684 [main] INFO  o.s.a.rabbit.connection.CachingConnectionFactory - Attempting to connect to: [100.104.11.60:5672]
2026-06-28 22:51:03.203 [main] INFO  o.s.a.rabbit.connection.CachingConnectionFactory - Created new connection: rabbitConnectionFactory#3f71ae7f:0/SimpleConnection@45a05350 [delegate=amqp://admin@100.104.11.60:5672/, localPort=51889]
2026-06-28 22:51:03.216 [main] INFO  org.springframework.amqp.rabbit.core.RabbitAdmin - Auto-declaring a non-durable or auto-delete Exchange (sysUser.exchange) durable:true, auto-delete:true. It will be deleted by the broker if it shuts down, and can be redeclared by closing and reopening the connection.
2026-06-28 22:51:15.714 [main] INFO  com.platform.PlatformApplication - Started PlatformApplication in 18.691 seconds (process running for 19.037)
2026-06-28 22:52:30.926 [org.springframework.amqp.rabbit.RabbitListenerEndpointContainer#0-2] INFO  o.s.a.r.listener.SimpleMessageListenerContainer - Waiting for workers to finish.
2026-06-28 22:52:30.935 [org.springframework.amqp.rabbit.RabbitListenerEndpointContainer#0-2] INFO  o.s.a.r.listener.SimpleMessageListenerContainer - Successfully waited for workers to finish.
2026-06-28 22:52:30.956 [SpringApplicationShutdownHook] INFO  o.s.boot.web.embedded.tomcat.GracefulShutdown - Commencing graceful shutdown. Waiting for active requests to complete
2026-06-28 22:52:30.975 [tomcat-shutdown] INFO  o.s.boot.web.embedded.tomcat.GracefulShutdown - Graceful shutdown complete
2026-06-28 22:52:32.271 [SpringApplicationShutdownHook] INFO  com.alibaba.druid.pool.DruidDataSource - {dataSource-1} closing ...
2026-06-28 22:52:32.275 [SpringApplicationShutdownHook] INFO  com.alibaba.druid.pool.DruidDataSource - {dataSource-1} closed
2026-06-28 22:52:35.029 [background-preinit] INFO  org.hibernate.validator.internal.util.Version - HV000001: Hibernate Validator 8.0.1.Final
2026-06-28 22:52:35.058 [main] INFO  com.platform.PlatformApplication - Starting PlatformApplication using Java 17.0.19 with PID 24524 (C:\Users\29141\Desktop\project\project-admin\target\classes started by 29141 in C:\Users\29141\Desktop\project)
2026-06-28 22:52:35.059 [main] DEBUG com.platform.PlatformApplication - Running with Spring Boot v3.2.5, Spring v6.1.6
2026-06-28 22:52:35.059 [main] INFO  com.platform.PlatformApplication - The following 1 profile is active: "dev"
2026-06-28 22:52:35.633 [main] INFO  o.s.d.r.config.RepositoryConfigurationDelegate - Multiple Spring Data modules found, entering strict repository configuration mode
2026-06-28 22:52:35.635 [main] INFO  o.s.d.r.config.RepositoryConfigurationDelegate - Bootstrapping Spring Data Redis repositories in DEFAULT mode.
2026-06-28 22:52:35.662 [main] INFO  o.s.d.r.config.RepositoryConfigurationDelegate - Finished Spring Data repository scanning in 17 ms. Found 0 Redis repository interfaces.
2026-06-28 22:52:35.808 [main] INFO  o.springframework.cloud.context.scope.GenericScope - BeanFactory id=1ae0ceec-896c-35d0-9859-61774853c41a
2026-06-28 22:52:36.202 [main] INFO  o.s.boot.web.embedded.tomcat.TomcatWebServer - Tomcat initialized with port 8080 (http)
2026-06-28 22:52:36.209 [main] INFO  org.apache.coyote.http11.Http11NioProtocol - Initializing ProtocolHandler ["http-nio-8080"]
2026-06-28 22:52:36.209 [main] INFO  org.apache.catalina.core.StandardService - Starting service [Tomcat]
2026-06-28 22:52:36.209 [main] INFO  org.apache.catalina.core.StandardEngine - Starting Servlet engine: [Apache Tomcat/10.1.20]
2026-06-28 22:52:36.252 [main] INFO  o.a.c.core.ContainerBase.[Tomcat].[localhost].[/] - Initializing Spring embedded WebApplicationContext
2026-06-28 22:52:36.252 [main] INFO  o.s.b.w.s.c.ServletWebServerApplicationContext - Root WebApplicationContext: initialization completed in 1164 ms
2026-06-28 22:52:36.299 [main] DEBUG c.platform.framework.filter.RequestReplaceFilter - Filter 'requestReplaceFilter' configured for use
2026-06-28 22:52:36.334 [main] INFO  c.a.d.s.b.a.DruidDataSourceAutoConfigure - Init DruidDataSource
2026-06-28 22:52:36.552 [main] INFO  com.alibaba.druid.pool.DruidDataSource - {dataSource-1} inited
2026-06-28 22:52:36.758 [main] INFO  c.p.s.security.PasswordEncoderAutoConfiguration - [Security] BCryptPasswordEncoder 初始化成功 | 使用方式: @Autowired PasswordEncoder
2026-06-28 22:52:36.983 [main] INFO  com.platform.starter.redis.RedisAutoConfiguration - [Redis] RedisTemplate 初始化成功 | key: StringSerializer | value: GenericJackson2JsonRedisSerializer(纯JSON)
2026-06-28 22:52:36.996 [main] INFO  com.platform.starter.redis.RedisAutoConfiguration - [Redis] RedisUtil 初始化成功 | prefix: platform: | ttl: 10 MINUTES
2026-06-28 22:52:37.875 [main] INFO  org.apache.coyote.http11.Http11NioProtocol - Starting ProtocolHandler ["http-nio-8080"]
2026-06-28 22:52:37.886 [main] INFO  o.s.boot.web.embedded.tomcat.TomcatWebServer - Tomcat started on port 8080 (http) with context path ''
2026-06-28 22:52:37.972 [main] INFO  o.s.a.rabbit.connection.CachingConnectionFactory - Attempting to connect to: [100.104.11.60:5672]
2026-06-28 22:52:40.470 [main] INFO  o.s.a.rabbit.connection.CachingConnectionFactory - Created new connection: rabbitConnectionFactory#3faa55:0/SimpleConnection@750adad8 [delegate=amqp://admin@100.104.11.60:5672/, localPort=65420]
2026-06-28 22:52:40.477 [main] INFO  org.springframework.amqp.rabbit.core.RabbitAdmin - Auto-declaring a non-durable or auto-delete Exchange (sysUser.exchange) durable:true, auto-delete:true. It will be deleted by the broker if it shuts down, and can be redeclared by closing and reopening the connection.
2026-06-28 22:52:46.288 [main] INFO  com.platform.PlatformApplication - Started PlatformApplication in 11.733 seconds (process running for 12.084)
2026-06-28 22:55:48.125 [org.springframework.amqp.rabbit.RabbitListenerEndpointContainer#0-2] INFO  o.s.a.r.listener.SimpleMessageListenerContainer - Waiting for workers to finish.
2026-06-28 22:55:48.128 [org.springframework.amqp.rabbit.RabbitListenerEndpointContainer#0-2] INFO  o.s.a.r.listener.SimpleMessageListenerContainer - Successfully waited for workers to finish.
2026-06-28 22:55:48.129 [SpringApplicationShutdownHook] INFO  o.s.boot.web.embedded.tomcat.GracefulShutdown - Commencing graceful shutdown. Waiting for active requests to complete
2026-06-28 22:55:48.143 [tomcat-shutdown] INFO  o.s.boot.web.embedded.tomcat.GracefulShutdown - Graceful shutdown complete
2026-06-28 22:55:49.023 [SpringApplicationShutdownHook] INFO  com.alibaba.druid.pool.DruidDataSource - {dataSource-1} closing ...
2026-06-28 22:55:49.028 [SpringApplicationShutdownHook] INFO  com.alibaba.druid.pool.DruidDataSource - {dataSource-1} closed
2026-06-28 22:55:54.160 [background-preinit] INFO  org.hibernate.validator.internal.util.Version - HV000001: Hibernate Validator 8.0.1.Final
2026-06-28 22:55:54.191 [main] INFO  com.platform.PlatformApplication - Starting PlatformApplication using Java 17.0.19 with PID 17736 (C:\Users\29141\Desktop\project\project-admin\target\classes started by 29141 in C:\Users\29141\Desktop\project)
2026-06-28 22:55:54.191 [main] DEBUG com.platform.PlatformApplication - Running with Spring Boot v3.2.5, Spring v6.1.6
2026-06-28 22:55:54.191 [main] INFO  com.platform.PlatformApplication - The following 1 profile is active: "dev"
2026-06-28 22:55:54.784 [main] INFO  o.s.d.r.config.RepositoryConfigurationDelegate - Multiple Spring Data modules found, entering strict repository configuration mode
2026-06-28 22:55:54.787 [main] INFO  o.s.d.r.config.RepositoryConfigurationDelegate - Bootstrapping Spring Data Redis repositories in DEFAULT mode.
2026-06-28 22:55:54.813 [main] INFO  o.s.d.r.config.RepositoryConfigurationDelegate - Finished Spring Data repository scanning in 17 ms. Found 0 Redis repository interfaces.
2026-06-28 22:55:54.965 [main] INFO  o.springframework.cloud.context.scope.GenericScope - BeanFactory id=1ae0ceec-896c-35d0-9859-61774853c41a
2026-06-28 22:55:55.366 [main] INFO  o.s.boot.web.embedded.tomcat.TomcatWebServer - Tomcat initialized with port 8080 (http)
2026-06-28 22:55:55.374 [main] INFO  org.apache.coyote.http11.Http11NioProtocol - Initializing ProtocolHandler ["http-nio-8080"]
2026-06-28 22:55:55.375 [main] INFO  org.apache.catalina.core.StandardService - Starting service [Tomcat]
2026-06-28 22:55:55.375 [main] INFO  org.apache.catalina.core.StandardEngine - Starting Servlet engine: [Apache Tomcat/10.1.20]
2026-06-28 22:55:55.419 [main] INFO  o.a.c.core.ContainerBase.[Tomcat].[localhost].[/] - Initializing Spring embedded WebApplicationContext
2026-06-28 22:55:55.419 [main] INFO  o.s.b.w.s.c.ServletWebServerApplicationContext - Root WebApplicationContext: initialization completed in 1201 ms
2026-06-28 22:55:55.468 [main] DEBUG c.platform.framework.filter.RequestReplaceFilter - Filter 'requestReplaceFilter' configured for use
2026-06-28 22:55:55.502 [main] INFO  c.a.d.s.b.a.DruidDataSourceAutoConfigure - Init DruidDataSource
2026-06-28 22:55:55.730 [main] INFO  com.alibaba.druid.pool.DruidDataSource - {dataSource-1} inited
2026-06-28 22:55:55.956 [main] INFO  c.p.s.security.PasswordEncoderAutoConfiguration - [Security] BCryptPasswordEncoder 初始化成功 | 使用方式: @Autowired PasswordEncoder
2026-06-28 22:55:56.184 [main] INFO  com.platform.starter.redis.RedisAutoConfiguration - [Redis] RedisTemplate 初始化成功 | key: StringSerializer | value: GenericJackson2JsonRedisSerializer(纯JSON)
2026-06-28 22:55:56.194 [main] INFO  com.platform.starter.redis.RedisAutoConfiguration - [Redis] RedisUtil 初始化成功 | prefix: platform: | ttl: 10 MINUTES
2026-06-28 22:55:57.080 [main] INFO  org.apache.coyote.http11.Http11NioProtocol - Starting ProtocolHandler ["http-nio-8080"]
2026-06-28 22:55:57.094 [main] INFO  o.s.boot.web.embedded.tomcat.TomcatWebServer - Tomcat started on port 8080 (http) with context path ''
2026-06-28 22:55:57.178 [main] INFO  o.s.a.rabbit.connection.CachingConnectionFactory - Attempting to connect to: [100.104.11.60:5672]
2026-06-28 22:55:59.250 [main] INFO  o.s.a.rabbit.connection.CachingConnectionFactory - Created new connection: rabbitConnectionFactory#31c56721:0/SimpleConnection@ad6448e [delegate=amqp://admin@100.104.11.60:5672/, localPort=63401]
2026-06-28 22:55:59.254 [main] INFO  org.springframework.amqp.rabbit.core.RabbitAdmin - Auto-declaring a non-durable or auto-delete Exchange (sysUser.exchange) durable:true, auto-delete:true. It will be deleted by the broker if it shuts down, and can be redeclared by closing and reopening the connection.
2026-06-28 22:56:07.889 [main] INFO  com.platform.PlatformApplication - Started PlatformApplication in 14.225 seconds (process running for 14.595)
2026-06-28 22:56:10.244 [http-nio-8080-exec-1] INFO  o.a.c.core.ContainerBase.[Tomcat].[localhost].[/] - Initializing Spring DispatcherServlet 'dispatcherServlet'
2026-06-28 22:56:10.244 [http-nio-8080-exec-1] INFO  org.springframework.web.servlet.DispatcherServlet - Initializing Servlet 'dispatcherServlet'
2026-06-28 22:56:10.244 [http-nio-8080-exec-1] INFO  org.springframework.web.servlet.DispatcherServlet - Completed initialization in 0 ms
2026-06-28 22:56:10.720 [http-nio-8080-exec-9] INFO  org.springdoc.api.AbstractOpenApiResource - Init duration for springdoc-openapi is: 191 ms
2026-06-28 22:56:24.397 [http-nio-8080-exec-3] INFO  org.springdoc.api.AbstractOpenApiResource - Init duration for springdoc-openapi is: 112 ms
2026-06-28 22:58:15.050 [http-nio-8080-exec-7] WARN  c.p.framework.handler.GlobalExceptionHandler - [未登录] uri=/, type=-1
2026-06-28 22:58:17.132 [http-nio-8080-exec-8] WARN  c.p.framework.handler.GlobalExceptionHandler - [未登录] uri=/, type=-1
2026-06-28 22:59:05.775 [http-nio-8080-exec-6] WARN  c.p.framework.handler.GlobalExceptionHandler - [请求路径不存在] No static resource swagger-ui.
2026-06-28 23:02:00.532 [org.springframework.amqp.rabbit.RabbitListenerEndpointContainer#0-2] INFO  o.s.a.r.listener.SimpleMessageListenerContainer - Waiting for workers to finish.
2026-06-28 23:02:00.630 [org.springframework.amqp.rabbit.RabbitListenerEndpointContainer#0-2] INFO  o.s.a.r.listener.SimpleMessageListenerContainer - Successfully waited for workers to finish.
2026-06-28 23:02:00.632 [SpringApplicationShutdownHook] INFO  o.s.boot.web.embedded.tomcat.GracefulShutdown - Commencing graceful shutdown. Waiting for active requests to complete
2026-06-28 23:02:00.642 [tomcat-shutdown] INFO  o.s.boot.web.embedded.tomcat.GracefulShutdown - Graceful shutdown complete
2026-06-28 23:02:01.553 [SpringApplicationShutdownHook] INFO  com.alibaba.druid.pool.DruidDataSource - {dataSource-1} closing ...
2026-06-28 23:02:01.557 [SpringApplicationShutdownHook] INFO  com.alibaba.druid.pool.DruidDataSource - {dataSource-1} closed
2026-06-28 23:02:03.449 [background-preinit] INFO  org.hibernate.validator.internal.util.Version - HV000001: Hibernate Validator 8.0.1.Final
2026-06-28 23:02:03.480 [main] INFO  com.platform.PlatformApplication - Starting PlatformApplication using Java 17.0.19 with PID 34920 (C:\Users\29141\Desktop\project\project-admin\target\classes started by 29141 in C:\Users\29141\Desktop\project)
2026-06-28 23:02:03.480 [main] DEBUG com.platform.PlatformApplication - Running with Spring Boot v3.2.5, Spring v6.1.6
2026-06-28 23:02:03.481 [main] INFO  com.platform.PlatformApplication - The following 1 profile is active: "dev"
2026-06-28 23:02:04.068 [main] INFO  o.s.d.r.config.RepositoryConfigurationDelegate - Multiple Spring Data modules found, entering strict repository configuration mode
2026-06-28 23:02:04.070 [main] INFO  o.s.d.r.config.RepositoryConfigurationDelegate - Bootstrapping Spring Data Redis repositories in DEFAULT mode.
2026-06-28 23:02:04.097 [main] INFO  o.s.d.r.config.RepositoryConfigurationDelegate - Finished Spring Data repository scanning in 17 ms. Found 0 Redis repository interfaces.
2026-06-28 23:02:04.251 [main] INFO  o.springframework.cloud.context.scope.GenericScope - BeanFactory id=1ae0ceec-896c-35d0-9859-61774853c41a
2026-06-28 23:02:04.646 [main] INFO  o.s.boot.web.embedded.tomcat.TomcatWebServer - Tomcat initialized with port 8080 (http)
2026-06-28 23:02:04.654 [main] INFO  org.apache.coyote.http11.Http11NioProtocol - Initializing ProtocolHandler ["http-nio-8080"]
2026-06-28 23:02:04.655 [main] INFO  org.apache.catalina.core.StandardService - Starting service [Tomcat]
2026-06-28 23:02:04.655 [main] INFO  org.apache.catalina.core.StandardEngine - Starting Servlet engine: [Apache Tomcat/10.1.20]
2026-06-28 23:02:04.697 [main] INFO  o.a.c.core.ContainerBase.[Tomcat].[localhost].[/] - Initializing Spring embedded WebApplicationContext
2026-06-28 23:02:04.697 [main] INFO  o.s.b.w.s.c.ServletWebServerApplicationContext - Root WebApplicationContext: initialization completed in 1188 ms
2026-06-28 23:02:04.744 [main] DEBUG c.platform.framework.filter.RequestReplaceFilter - Filter 'requestReplaceFilter' configured for use
2026-06-28 23:02:04.776 [main] INFO  c.a.d.s.b.a.DruidDataSourceAutoConfigure - Init DruidDataSource
2026-06-28 23:02:04.989 [main] INFO  com.alibaba.druid.pool.DruidDataSource - {dataSource-1} inited
2026-06-28 23:02:05.207 [main] INFO  c.p.s.security.PasswordEncoderAutoConfiguration - [Security] BCryptPasswordEncoder 初始化成功 | 使用方式: @Autowired PasswordEncoder
2026-06-28 23:02:05.455 [main] INFO  com.platform.starter.redis.RedisAutoConfiguration - [Redis] RedisTemplate 初始化成功 | key: StringSerializer | value: GenericJackson2JsonRedisSerializer(纯JSON)
2026-06-28 23:02:05.466 [main] INFO  com.platform.starter.redis.RedisAutoConfiguration - [Redis] RedisUtil 初始化成功 | prefix: platform: | ttl: 10 MINUTES
2026-06-28 23:02:06.423 [main] INFO  org.apache.coyote.http11.Http11NioProtocol - Starting ProtocolHandler ["http-nio-8080"]
2026-06-28 23:02:06.436 [main] INFO  o.s.boot.web.embedded.tomcat.TomcatWebServer - Tomcat started on port 8080 (http) with context path ''
2026-06-28 23:02:06.523 [main] INFO  o.s.a.rabbit.connection.CachingConnectionFactory - Attempting to connect to: [100.104.11.60:5672]
2026-06-28 23:02:08.223 [main] INFO  o.s.a.rabbit.connection.CachingConnectionFactory - Created new connection: rabbitConnectionFactory#3f71ae7f:0/SimpleConnection@42684d86 [delegate=amqp://admin@100.104.11.60:5672/, localPort=56209]
2026-06-28 23:02:08.227 [main] INFO  org.springframework.amqp.rabbit.core.RabbitAdmin - Auto-declaring a non-durable or auto-delete Exchange (sysUser.exchange) durable:true, auto-delete:true. It will be deleted by the broker if it shuts down, and can be redeclared by closing and reopening the connection.
2026-06-28 23:02:14.342 [main] INFO  com.platform.PlatformApplication - Started PlatformApplication in 11.357 seconds (process running for 11.711)
2026-06-28 23:02:20.876 [http-nio-8080-exec-2] INFO  o.a.c.core.ContainerBase.[Tomcat].[localhost].[/] - Initializing Spring DispatcherServlet 'dispatcherServlet'
2026-06-28 23:02:20.876 [http-nio-8080-exec-2] INFO  org.springframework.web.servlet.DispatcherServlet - Initializing Servlet 'dispatcherServlet'
2026-06-28 23:02:20.878 [http-nio-8080-exec-2] INFO  org.springframework.web.servlet.DispatcherServlet - Completed initialization in 2 ms
2026-06-28 23:02:21.336 [http-nio-8080-exec-1] INFO  org.springdoc.api.AbstractOpenApiResource - Init duration for springdoc-openapi is: 267 ms
2026-06-28 23:02:56.840 [org.springframework.amqp.rabbit.RabbitListenerEndpointContainer#0-2] INFO  o.s.a.r.listener.SimpleMessageListenerContainer - Waiting for workers to finish.
2026-06-28 23:02:56.841 [org.springframework.amqp.rabbit.RabbitListenerEndpointContainer#0-2] INFO  o.s.a.r.listener.SimpleMessageListenerContainer - Successfully waited for workers to finish.
2026-06-28 23:02:56.842 [SpringApplicationShutdownHook] INFO  o.s.boot.web.embedded.tomcat.GracefulShutdown - Commencing graceful shutdown. Waiting for active requests to complete
2026-06-28 23:02:56.852 [tomcat-shutdown] INFO  o.s.boot.web.embedded.tomcat.GracefulShutdown - Graceful shutdown complete
2026-06-28 23:02:57.322 [SpringApplicationShutdownHook] INFO  com.alibaba.druid.pool.DruidDataSource - {dataSource-1} closing ...
2026-06-28 23:02:57.327 [SpringApplicationShutdownHook] INFO  com.alibaba.druid.pool.DruidDataSource - {dataSource-1} closed
